#
# There is insufficient memory for the Java Runtime Environment to continue.
# Native memory allocation (mmap) failed to map 65536 bytes. Error detail: Failed to commit metaspace.
# Possible reasons:
#   The system is out of physical RAM or swap space
#   This process is running with CompressedOops enabled, and the Java Heap may be blocking the growth of the native heap
# Possible solutions:
#   Reduce memory load on the system
#   Increase physical memory or swap space
#   Check if swap backing store is full
#   Decrease Java heap size (-Xmx/-Xms)
#   Decrease number of Java threads
#   Decrease Java thread stack sizes (-Xss)
#   Set larger code cache with -XX:ReservedCodeCacheSize=
#   JVM is running with Unscaled Compressed Oops mode in which the Java heap is
#     placed in the first 4GB address space. The Java Heap base address is the
#     maximum limit for the native heap growth. Please use -XX:HeapBaseMinAddress
#     to set the Java Heap base and to place the Java Heap above 4GB virtual address.
# This output file may be truncated or incomplete.
#
#  Out of Memory Error (virtualSpaceNode.cpp:110), pid=15012, tid=30652
#
# JRE version: OpenJDK Runtime Environment Temurin-17.0.11+9 (17.0.11+9) (build 17.0.11+9)
# Java VM: OpenJDK 64-Bit Server VM Temurin-17.0.11+9 (17.0.11+9, mixed mode, tiered, compressed oops, compressed class ptrs, parallel gc, windows-amd64)
# No core dump will be written. Minidumps are not enabled by default on client versions of Windows
#

---------------  S U M M A R Y ------------

Command Line: --add-modules=ALL-SYSTEM --add-opens=java.base/java.util=ALL-UNNAMED --add-opens=java.base/java.lang=ALL-UNNAMED --add-opens=java.base/sun.nio.fs=ALL-UNNAMED -Declipse.application=org.eclipse.jdt.ls.core.id1 -Dosgi.bundles.defaultStartLevel=4 -Declipse.product=org.eclipse.jdt.ls.core.product -Djava.import.generatesMetadataFilesAtProjectRoot=false -DDetectVMInstallationsJob.disabled=true -Dfile.encoding=utf8 -XX:+UseParallelGC -XX:GCTimeRatio=4 -XX:AdaptiveSizePolicyWeight=90 -Dsun.zip.disableMemoryMapping=true -Xmx1G -Xms100m -Xlog:disable -javaagent:c:\Users\089ku\.vscode\extensions\redhat.java-1.32.0-win32-x64\lombok\lombok-1.18.33.jar c:\Users\089ku\.vscode\extensions\redhat.java-1.32.0-win32-x64\server\plugins\org.eclipse.equinox.launcher_1.6.900.v20240613-2009.jar -configuration c:\Users\089ku\AppData\Roaming\Code\User\globalStorage\redhat.java\1.32.0\config_ss_win -data c:\Users\089ku\AppData\Roaming\Code\User\workspaceStorage\b6702a2ac9dc87ee2e7634e9c81bda41\redhat.java\ss_ws --pipe=\\.\pipe\lsp-84cef6284af9bdc765fee166c3552384-sock

Host: AMD Ryzen 5 3550H with Radeon Vega Mobile Gfx  , 8 cores, 7G,  Windows 11 , 64 bit Build 22621 (10.0.22621.3672)
Time: Wed Jul  3 17:25:51 2024 India Standard Time elapsed time: 13.360548 seconds (0d 0h 0m 13s)

---------------  T H R E A D  ---------------

Current thread (0x000001abadfce960):  JavaThread "C1 CompilerThread0" daemon [_thread_in_vm, id=30652, stack(0x000000a31d800000,0x000000a31d900000)]


Current CompileTask:
C1:  13360 3180       3       java.util.Collections$SingletonList::get (41 bytes)

Stack: [0x000000a31d800000,0x000000a31d900000]
Native frames: (J=compiled Java code, j=interpreted, Vv=VM code, C=native code)
V  [jvm.dll+0x67d429]
V  [jvm.dll+0x834b7a]
V  [jvm.dll+0x83663e]
V  [jvm.dll+0x836ca3]
V  [jvm.dll+0x247dbf]
V  [jvm.dll+0x83083b]
V  [jvm.dll+0x621d56]
V  [jvm.dll+0x621dba]
V  [jvm.dll+0x6245ea]
V  [jvm.dll+0x6226f6]
V  [jvm.dll+0x633a4a]
V  [jvm.dll+0x62c7ea]
V  [jvm.dll+0x1cdd30]
V  [jvm.dll+0x1cdf20]
V  [jvm.dll+0x135e7e]
V  [jvm.dll+0x1361a6]
V  [jvm.dll+0x13563a]
V  [jvm.dll+0x1372f1]
V  [jvm.dll+0x2295cd]
V  [jvm.dll+0x22779c]
V  [jvm.dll+0x7e9d07]
V  [jvm.dll+0x7e410a]
V  [jvm.dll+0x67c315]
C  [ucrtbase.dll+0x29333]
C  [KERNEL32.DLL+0x1257d]
C  [ntdll.dll+0x5af28]


---------------  P R O C E S S  ---------------

Threads class SMR info:
_java_thread_list=0x000001abb00f7670, length=33, elements={
0x000001ab94f9f790, 0x000001aba8e20030, 0x000001aba8e20bf0, 0x000001aba8e2ea90,
0x000001abadf644f0, 0x000001abadf6b0d0, 0x000001abadf6daa0, 0x000001abadf71c90,
0x000001abadfce960, 0x000001abadfeb770, 0x000001abae072020, 0x000001abae22a2d0,
0x000001abaf72e850, 0x000001abaf5286b0, 0x000001abaf528b90, 0x000001abaf707a00,
0x000001abafb9eaa0, 0x000001abafd57f60, 0x000001abafd556e0, 0x000001abafd57540,
0x000001abafd58470, 0x000001abafd57a50, 0x000001abafd58980, 0x000001abafd55bf0,
0x000001abafd551d0, 0x000001abafd56100, 0x000001abafd56610, 0x000001abafd57030,
0x000001abb06ea2e0, 0x000001abb06e98c0, 0x000001abb06ec650, 0x000001abb06eb210,
0x000001abb06ea7f0
}

Java Threads: ( => current thread )
  0x000001ab94f9f790 JavaThread "main" [_thread_blocked, id=25948, stack(0x000000a31ce00000,0x000000a31cf00000)]
  0x000001aba8e20030 JavaThread "Reference Handler" daemon [_thread_blocked, id=32160, stack(0x000000a31d100000,0x000000a31d200000)]
  0x000001aba8e20bf0 JavaThread "Finalizer" daemon [_thread_blocked, id=5672, stack(0x000000a31d200000,0x000000a31d300000)]
  0x000001aba8e2ea90 JavaThread "Signal Dispatcher" daemon [_thread_blocked, id=31328, stack(0x000000a31d300000,0x000000a31d400000)]
  0x000001abadf644f0 JavaThread "Attach Listener" daemon [_thread_blocked, id=31204, stack(0x000000a31d400000,0x000000a31d500000)]
  0x000001abadf6b0d0 JavaThread "Service Thread" daemon [_thread_blocked, id=32480, stack(0x000000a31d500000,0x000000a31d600000)]
  0x000001abadf6daa0 JavaThread "Monitor Deflation Thread" daemon [_thread_blocked, id=31188, stack(0x000000a31d600000,0x000000a31d700000)]
  0x000001abadf71c90 JavaThread "C2 CompilerThread0" daemon [_thread_in_native, id=12780, stack(0x000000a31d700000,0x000000a31d800000)]
=>0x000001abadfce960 JavaThread "C1 CompilerThread0" daemon [_thread_in_vm, id=30652, stack(0x000000a31d800000,0x000000a31d900000)]
  0x000001abadfeb770 JavaThread "Sweeper thread" daemon [_thread_blocked, id=32068, stack(0x000000a31d900000,0x000000a31da00000)]
  0x000001abae072020 JavaThread "Common-Cleaner" daemon [_thread_blocked, id=21728, stack(0x000000a31da00000,0x000000a31db00000)]
  0x000001abae22a2d0 JavaThread "Notification Thread" daemon [_thread_blocked, id=23884, stack(0x000000a31db00000,0x000000a31dc00000)]
  0x000001abaf72e850 JavaThread "Active Thread: Equinox Container: 224ddb38-41f7-46ce-9cc3-9281867d4671" [_thread_blocked, id=14848, stack(0x000000a31e300000,0x000000a31e400000)]
  0x000001abaf5286b0 JavaThread "Framework Event Dispatcher: Equinox Container: 224ddb38-41f7-46ce-9cc3-9281867d4671" daemon [_thread_blocked, id=29680, stack(0x000000a31e400000,0x000000a31e500000)]
  0x000001abaf528b90 JavaThread "Start Level: Equinox Container: 224ddb38-41f7-46ce-9cc3-9281867d4671" daemon [_thread_blocked, id=17872, stack(0x000000a31e500000,0x000000a31e600000)]
  0x000001abaf707a00 JavaThread "SCR Component Actor" daemon [_thread_blocked, id=26620, stack(0x000000a31e600000,0x000000a31e700000)]
  0x000001abafb9eaa0 JavaThread "Worker-JM" [_thread_blocked, id=25440, stack(0x000000a31e900000,0x000000a31ea00000)]
  0x000001abafd57f60 JavaThread "Worker-0" [_thread_blocked, id=23244, stack(0x000000a31ea00000,0x000000a31eb00000)]
  0x000001abafd556e0 JavaThread "Worker-1" [_thread_blocked, id=26936, stack(0x000000a31eb00000,0x000000a31ec00000)]
  0x000001abafd57540 JavaThread "JNA Cleaner" daemon [_thread_blocked, id=21220, stack(0x000000a31ec00000,0x000000a31ed00000)]
  0x000001abafd58470 JavaThread "Thread-2" daemon [_thread_in_native, id=21436, stack(0x000000a31ed00000,0x000000a31ee00000)]
  0x000001abafd57a50 JavaThread "Thread-3" daemon [_thread_in_native, id=30896, stack(0x000000a31ee00000,0x000000a31ef00000)]
  0x000001abafd58980 JavaThread "Thread-4" daemon [_thread_in_native, id=15836, stack(0x000000a31ef00000,0x000000a31f000000)]
  0x000001abafd55bf0 JavaThread "Thread-5" daemon [_thread_in_native, id=22976, stack(0x000000a31f000000,0x000000a31f100000)]
  0x000001abafd551d0 JavaThread "Thread-6" daemon [_thread_in_native, id=30648, stack(0x000000a31f100000,0x000000a31f200000)]
  0x000001abafd56100 JavaThread "Thread-7" daemon [_thread_in_native, id=6944, stack(0x000000a31f200000,0x000000a31f300000)]
  0x000001abafd56610 JavaThread "Thread-8" daemon [_thread_in_native, id=25692, stack(0x000000a31f300000,0x000000a31f400000)]
  0x000001abafd57030 JavaThread "Thread-9" daemon [_thread_in_native, id=31496, stack(0x000000a31f400000,0x000000a31f500000)]
  0x000001abb06ea2e0 JavaThread "Thread-10" daemon [_thread_in_native, id=32188, stack(0x000000a31f500000,0x000000a31f600000)]
  0x000001abb06e98c0 JavaThread "pool-2-thread-1" [_thread_blocked, id=10556, stack(0x000000a31f600000,0x000000a31f700000)]
  0x000001abb06ec650 JavaThread "WorkspaceEventsHandler" [_thread_blocked, id=30544, stack(0x000000a31e800000,0x000000a31e900000)]
  0x000001abb06eb210 JavaThread "pool-1-thread-1" [_thread_in_vm, id=29768, stack(0x000000a31f700000,0x000000a31f800000)]
  0x000001abb06ea7f0 JavaThread "Worker-2" [_thread_blocked, id=32572, stack(0x000000a31f800000,0x000000a31f900000)]

Other Threads:
  0x000001abadf414b0 VMThread "VM Thread" [stack: 0x000000a31d000000,0x000000a31d100000] [id=30028]
  0x000001abae20e9b0 WatcherThread [stack: 0x000000a31dc00000,0x000000a31dd00000] [id=29860]
  0x000001ab94fb6630 GCTaskThread "GC Thread#0" [stack: 0x000000a31cf00000,0x000000a31d000000] [id=10392]
  0x000001abaf4c80d0 GCTaskThread "GC Thread#1" [stack: 0x000000a31dd00000,0x000000a31de00000] [id=20268]
  0x000001abaf4c87a0 GCTaskThread "GC Thread#2" [stack: 0x000000a31de00000,0x000000a31df00000] [id=16336]
  0x000001abaf6f54d0 GCTaskThread "GC Thread#3" [stack: 0x000000a31df00000,0x000000a31e000000] [id=30980]
  0x000001abaf73ec00 GCTaskThread "GC Thread#4" [stack: 0x000000a31e000000,0x000000a31e100000] [id=30244]
  0x000001abaf3c4030 GCTaskThread "GC Thread#5" [stack: 0x000000a31e100000,0x000000a31e200000] [id=30948]
  0x000001abaf3c42f0 GCTaskThread "GC Thread#6" [stack: 0x000000a31e200000,0x000000a31e300000] [id=3464]
  0x000001abaf1d1b40 GCTaskThread "GC Thread#7" [stack: 0x000000a31e700000,0x000000a31e800000] [id=29964]

Threads with active compile tasks:
C2 CompilerThread0    13425 3170       4       jdk.internal.org.objectweb.asm.Frame::execute (2318 bytes)
C1 CompilerThread0    13425 3180       3       java.util.Collections$SingletonList::get (41 bytes)

VM state: not at safepoint (normal execution)

VM Mutex/Monitor currently owned by a thread:  ([mutex/lock_event])
[0x000001ab92ebda20] Metaspace_lock - owner thread: 0x000001abadfce960
[0x000001ab94f9c6c0] MethodData_lock - owner thread: 0x000001abadfce960

Heap address: 0x00000000c0000000, size: 1024 MB, Compressed Oops mode: 32-bit

CDS archive(s) not mapped
Compressed class space mapped at: 0x0000000100000000-0x0000000140000000, reserved size: 1073741824
Narrow klass base: 0x0000000000000000, Narrow klass shift: 3, Narrow klass range: 0x140000000

GC Precious Log:
 CPUs: 8 total, 8 available
 Memory: 7874M
 Large Page Support: Disabled
 NUMA Support: Disabled
 Compressed Oops: Enabled (32-bit)
 Alignments: Space 512K, Generation 512K, Heap 2M
 Heap Min Capacity: 100M
 Heap Initial Capacity: 100M
 Heap Max Capacity: 1G
 Pre-touch: Disabled
 Parallel Workers: 8

Heap:
 PSYoungGen      total 27136K, used 4132K [0x00000000eab00000, 0x00000000eca00000, 0x0000000100000000)
  eden space 23552K, 17% used [0x00000000eab00000,0x00000000eaf09090,0x00000000ec200000)
  from space 3584K, 0% used [0x00000000ec280000,0x00000000ec280000,0x00000000ec600000)
  to   space 4096K, 0% used [0x00000000ec600000,0x00000000ec600000,0x00000000eca00000)
 ParOldGen       total 68608K, used 12657K [0x00000000c0000000, 0x00000000c4300000, 0x00000000eab00000)
  object space 68608K, 18% used [0x00000000c0000000,0x00000000c0c5c478,0x00000000c4300000)
 Metaspace       used 35754K, committed 36416K, reserved 1114112K
  class space    used 3610K, committed 3904K, reserved 1048576K

Card table byte_map: [0x000001ab94960000,0x000001ab94b70000] _byte_map_base: 0x000001ab94360000

Marking Bits: (ParMarkBitMap*) 0x00007ffd7ff7d820
 Begin Bits: [0x000001aba6c30000, 0x000001aba7c30000)
 End Bits:   [0x000001aba7c30000, 0x000001aba8c30000)

Polling page: 0x000001ab94750000

Metaspace:

Usage:
  Non-class:     31.39 MB used.
      Class:      3.53 MB used.
       Both:     34.92 MB used.

Virtual space:
  Non-class space:       64.00 MB reserved,      31.75 MB ( 50%) committed,  1 nodes.
      Class space:        1.00 GB reserved,       3.81 MB ( <1%) committed,  1 nodes.
             Both:        1.06 GB reserved,      35.56 MB (  3%) committed. 

Chunk freelists:
   Non-Class:  15.98 MB
       Class:  12.08 MB
        Both:  28.06 MB

MaxMetaspaceSize: unlimited
CompressedClassSpaceSize: 1.00 GB
Initial GC threshold: 21.00 MB
Current GC threshold: 58.38 MB
CDS: off
MetaspaceReclaimPolicy: balanced
 - commit_granule_bytes: 65536.
 - commit_granule_words: 8192.
 - virtual_space_node_default_size: 8388608.
 - enlarge_chunks_in_place: 1.
 - new_chunks_are_fully_committed: 0.
 - uncommit_free_chunks: 1.
 - use_allocation_guard: 0.
 - handle_deallocations: 1.


Internal statistics:

num_allocs_failed_limit: 6.
num_arena_births: 336.
num_arena_deaths: 14.
num_vsnodes_births: 2.
num_vsnodes_deaths: 0.
num_space_committed: 569.
num_space_uncommitted: 0.
num_chunks_returned_to_freelist: 20.
num_chunks_taken_from_freelist: 1391.
num_chunk_merges: 11.
num_chunk_splits: 906.
num_chunks_enlarged: 616.
num_inconsistent_stats: 0.

CodeHeap 'non-profiled nmethods': size=120000Kb used=1268Kb max_used=1268Kb free=118731Kb
 bounds [0x000001ab9f700000, 0x000001ab9f970000, 0x000001aba6c30000]
CodeHeap 'profiled nmethods': size=120000Kb used=6411Kb max_used=6411Kb free=113588Kb
 bounds [0x000001ab97c30000, 0x000001ab98280000, 0x000001ab9f160000]
CodeHeap 'non-nmethods': size=5760Kb used=1284Kb max_used=1301Kb free=4475Kb
 bounds [0x000001ab9f160000, 0x000001ab9f3d0000, 0x000001ab9f700000]
 total_blobs=3780 nmethods=3171 adapters=522
 compilation: enabled
              stopped_count=0, restarted_count=0
 full_count=0

Compilation events (20 events):
Event: 13.306 Thread 0x000001abadfce960 3169       3       jdk.internal.org.objectweb.asm.SymbolTable::getType (7 bytes)
Event: 13.306 Thread 0x000001abadf71c90 3170       4       jdk.internal.org.objectweb.asm.Frame::execute (2318 bytes)
Event: 13.306 Thread 0x000001abadfce960 nmethod 3169 0x000001ab9826ed90 code [0x000001ab9826ef20, 0x000001ab9826f058]
Event: 13.306 Thread 0x000001abadfce960 3171       3       java.lang.reflect.ProxyGenerator$ProxyMethod::emitIconstInsn (75 bytes)
Event: 13.307 Thread 0x000001abadfce960 nmethod 3171 0x000001ab9826f110 code [0x000001ab9826f340, 0x000001ab9826fbf8]
Event: 13.312 Thread 0x000001abadfce960 3172       3       java.nio.MappedByteBuffer::position (8 bytes)
Event: 13.312 Thread 0x000001abadfce960 nmethod 3172 0x000001ab9826fe10 code [0x000001ab9826ffc0, 0x000001ab98270168]
Event: 13.334 Thread 0x000001abadfce960 3174       3       java.util.TreeMap$PrivateEntryIterator::hasNext (13 bytes)
Event: 13.334 Thread 0x000001abadfce960 nmethod 3174 0x000001ab98270210 code [0x000001ab982703a0, 0x000001ab98270518]
Event: 13.334 Thread 0x000001abadfce960 3175       3       java.util.HexFormat::withUpperCase (23 bytes)
Event: 13.335 Thread 0x000001abadfce960 nmethod 3175 0x000001ab98270590 code [0x000001ab98270740, 0x000001ab98270908]
Event: 13.335 Thread 0x000001abadfce960 3176       3       java.lang.invoke.InfoFromMemberName::getModifiers (8 bytes)
Event: 13.336 Thread 0x000001abadfce960 nmethod 3176 0x000001ab98270a10 code [0x000001ab98270ba0, 0x000001ab98270d18]
Event: 13.347 Thread 0x000001abadfce960 3177       3       com.google.gson.reflect.TypeToken::<init> (41 bytes)
Event: 13.347 Thread 0x000001abadfce960 nmethod 3177 0x000001ab98270e10 code [0x000001ab98271000, 0x000001ab98271538]
Event: 13.349 Thread 0x000001abadfce960 3178       3       com.google.gson.reflect.TypeToken::get (9 bytes)
Event: 13.350 Thread 0x000001abadfce960 nmethod 3178 0x000001ab98271710 code [0x000001ab982718c0, 0x000001ab98271a48]
Event: 13.354 Thread 0x000001abadfce960 3179       3       jdk.internal.reflect.Reflection::filter (163 bytes)
Event: 13.357 Thread 0x000001abadfce960 nmethod 3179 0x000001ab98271b10 code [0x000001ab98271d80, 0x000001ab98272a88]
Event: 13.357 Thread 0x000001abadfce960 3180       3       java.util.Collections$SingletonList::get (41 bytes)

GC Heap History (20 events):
Event: 3.942 GC heap before
{Heap before GC invocations=2 (full 0):
 PSYoungGen      total 29696K, used 28772K [0x00000000eab00000, 0x00000000ecc00000, 0x0000000100000000)
  eden space 25600K, 100% used [0x00000000eab00000,0x00000000ec400000,0x00000000ec400000)
  from space 4096K, 77% used [0x00000000ec400000,0x00000000ec719278,0x00000000ec800000)
  to   space 4096K, 0% used [0x00000000ec800000,0x00000000ec800000,0x00000000ecc00000)
 ParOldGen       total 68608K, used 0K [0x00000000c0000000, 0x00000000c4300000, 0x00000000eab00000)
  object space 68608K, 0% used [0x00000000c0000000,0x00000000c0000000,0x00000000c4300000)
 Metaspace       used 14757K, committed 15040K, reserved 1114112K
  class space    used 1500K, committed 1664K, reserved 1048576K
}
Event: 3.950 GC heap after
{Heap after GC invocations=2 (full 0):
 PSYoungGen      total 29696K, used 4083K [0x00000000eab00000, 0x00000000ecc00000, 0x0000000100000000)
  eden space 25600K, 0% used [0x00000000eab00000,0x00000000eab00000,0x00000000ec400000)
  from space 4096K, 99% used [0x00000000ec800000,0x00000000ecbfcf38,0x00000000ecc00000)
  to   space 4096K, 0% used [0x00000000ec400000,0x00000000ec400000,0x00000000ec800000)
 ParOldGen       total 68608K, used 794K [0x00000000c0000000, 0x00000000c4300000, 0x00000000eab00000)
  object space 68608K, 1% used [0x00000000c0000000,0x00000000c00c6b60,0x00000000c4300000)
 Metaspace       used 14757K, committed 15040K, reserved 1114112K
  class space    used 1500K, committed 1664K, reserved 1048576K
}
Event: 5.802 GC heap before
{Heap before GC invocations=3 (full 0):
 PSYoungGen      total 29696K, used 29683K [0x00000000eab00000, 0x00000000ecc00000, 0x0000000100000000)
  eden space 25600K, 100% used [0x00000000eab00000,0x00000000ec400000,0x00000000ec400000)
  from space 4096K, 99% used [0x00000000ec800000,0x00000000ecbfcf38,0x00000000ecc00000)
  to   space 4096K, 0% used [0x00000000ec400000,0x00000000ec400000,0x00000000ec800000)
 ParOldGen       total 68608K, used 794K [0x00000000c0000000, 0x00000000c4300000, 0x00000000eab00000)
  object space 68608K, 1% used [0x00000000c0000000,0x00000000c00c6b60,0x00000000c4300000)
 Metaspace       used 19767K, committed 20160K, reserved 1114112K
  class space    used 2032K, committed 2240K, reserved 1048576K
}
Event: 5.810 GC heap after
{Heap after GC invocations=3 (full 0):
 PSYoungGen      total 29696K, used 4083K [0x00000000eab00000, 0x00000000ecc00000, 0x0000000100000000)
  eden space 25600K, 0% used [0x00000000eab00000,0x00000000eab00000,0x00000000ec400000)
  from space 4096K, 99% used [0x00000000ec400000,0x00000000ec7fce40,0x00000000ec800000)
  to   space 4096K, 0% used [0x00000000ec800000,0x00000000ec800000,0x00000000ecc00000)
 ParOldGen       total 68608K, used 2550K [0x00000000c0000000, 0x00000000c4300000, 0x00000000eab00000)
  object space 68608K, 3% used [0x00000000c0000000,0x00000000c027d8e0,0x00000000c4300000)
 Metaspace       used 19767K, committed 20160K, reserved 1114112K
  class space    used 2032K, committed 2240K, reserved 1048576K
}
Event: 6.325 GC heap before
{Heap before GC invocations=4 (full 0):
 PSYoungGen      total 29696K, used 10557K [0x00000000eab00000, 0x00000000ecc00000, 0x0000000100000000)
  eden space 25600K, 25% used [0x00000000eab00000,0x00000000eb152740,0x00000000ec400000)
  from space 4096K, 99% used [0x00000000ec400000,0x00000000ec7fce40,0x00000000ec800000)
  to   space 4096K, 0% used [0x00000000ec800000,0x00000000ec800000,0x00000000ecc00000)
 ParOldGen       total 68608K, used 2550K [0x00000000c0000000, 0x00000000c4300000, 0x00000000eab00000)
  object space 68608K, 3% used [0x00000000c0000000,0x00000000c027d8e0,0x00000000c4300000)
 Metaspace       used 21046K, committed 21504K, reserved 1114112K
  class space    used 2168K, committed 2368K, reserved 1048576K
}
Event: 6.328 GC heap after
{Heap after GC invocations=4 (full 0):
 PSYoungGen      total 29696K, used 4078K [0x00000000eab00000, 0x00000000ecc00000, 0x0000000100000000)
  eden space 25600K, 0% used [0x00000000eab00000,0x00000000eab00000,0x00000000ec400000)
  from space 4096K, 99% used [0x00000000ec800000,0x00000000ecbfbbb0,0x00000000ecc00000)
  to   space 4096K, 0% used [0x00000000ec400000,0x00000000ec400000,0x00000000ec800000)
 ParOldGen       total 68608K, used 2972K [0x00000000c0000000, 0x00000000c4300000, 0x00000000eab00000)
  object space 68608K, 4% used [0x00000000c0000000,0x00000000c02e7210,0x00000000c4300000)
 Metaspace       used 21046K, committed 21504K, reserved 1114112K
  class space    used 2168K, committed 2368K, reserved 1048576K
}
Event: 6.328 GC heap before
{Heap before GC invocations=5 (full 1):
 PSYoungGen      total 29696K, used 4078K [0x00000000eab00000, 0x00000000ecc00000, 0x0000000100000000)
  eden space 25600K, 0% used [0x00000000eab00000,0x00000000eab00000,0x00000000ec400000)
  from space 4096K, 99% used [0x00000000ec800000,0x00000000ecbfbbb0,0x00000000ecc00000)
  to   space 4096K, 0% used [0x00000000ec400000,0x00000000ec400000,0x00000000ec800000)
 ParOldGen       total 68608K, used 2972K [0x00000000c0000000, 0x00000000c4300000, 0x00000000eab00000)
  object space 68608K, 4% used [0x00000000c0000000,0x00000000c02e7210,0x00000000c4300000)
 Metaspace       used 21046K, committed 21504K, reserved 1114112K
  class space    used 2168K, committed 2368K, reserved 1048576K
}
Event: 6.357 GC heap after
{Heap after GC invocations=5 (full 1):
 PSYoungGen      total 29696K, used 0K [0x00000000eab00000, 0x00000000ecc00000, 0x0000000100000000)
  eden space 25600K, 0% used [0x00000000eab00000,0x00000000eab00000,0x00000000ec400000)
  from space 4096K, 0% used [0x00000000ec800000,0x00000000ec800000,0x00000000ecc00000)
  to   space 4096K, 0% used [0x00000000ec400000,0x00000000ec400000,0x00000000ec800000)
 ParOldGen       total 68608K, used 6862K [0x00000000c0000000, 0x00000000c4300000, 0x00000000eab00000)
  object space 68608K, 10% used [0x00000000c0000000,0x00000000c06b3a80,0x00000000c4300000)
 Metaspace       used 21033K, committed 21504K, reserved 1114112K
  class space    used 2164K, committed 2368K, reserved 1048576K
}
Event: 7.232 GC heap before
{Heap before GC invocations=6 (full 1):
 PSYoungGen      total 29696K, used 25560K [0x00000000eab00000, 0x00000000ecc00000, 0x0000000100000000)
  eden space 25600K, 99% used [0x00000000eab00000,0x00000000ec3f6150,0x00000000ec400000)
  from space 4096K, 0% used [0x00000000ec800000,0x00000000ec800000,0x00000000ecc00000)
  to   space 4096K, 0% used [0x00000000ec400000,0x00000000ec400000,0x00000000ec800000)
 ParOldGen       total 68608K, used 6862K [0x00000000c0000000, 0x00000000c4300000, 0x00000000eab00000)
  object space 68608K, 10% used [0x00000000c0000000,0x00000000c06b3a80,0x00000000c4300000)
 Metaspace       used 24128K, committed 24576K, reserved 1114112K
  class space    used 2390K, committed 2560K, reserved 1048576K
}
Event: 7.234 GC heap after
{Heap after GC invocations=6 (full 1):
 PSYoungGen      total 26112K, used 761K [0x00000000eab00000, 0x00000000ec880000, 0x0000000100000000)
  eden space 25088K, 0% used [0x00000000eab00000,0x00000000eab00000,0x00000000ec380000)
  from space 1024K, 74% used [0x00000000ec400000,0x00000000ec4be688,0x00000000ec500000)
  to   space 2560K, 0% used [0x00000000ec600000,0x00000000ec600000,0x00000000ec880000)
 ParOldGen       total 68608K, used 6870K [0x00000000c0000000, 0x00000000c4300000, 0x00000000eab00000)
  object space 68608K, 10% used [0x00000000c0000000,0x00000000c06b5a80,0x00000000c4300000)
 Metaspace       used 24128K, committed 24576K, reserved 1114112K
  class space    used 2390K, committed 2560K, reserved 1048576K
}
Event: 7.915 GC heap before
{Heap before GC invocations=7 (full 1):
 PSYoungGen      total 26112K, used 25849K [0x00000000eab00000, 0x00000000ec880000, 0x0000000100000000)
  eden space 25088K, 100% used [0x00000000eab00000,0x00000000ec380000,0x00000000ec380000)
  from space 1024K, 74% used [0x00000000ec400000,0x00000000ec4be688,0x00000000ec500000)
  to   space 2560K, 0% used [0x00000000ec600000,0x00000000ec600000,0x00000000ec880000)
 ParOldGen       total 68608K, used 6870K [0x00000000c0000000, 0x00000000c4300000, 0x00000000eab00000)
  object space 68608K, 10% used [0x00000000c0000000,0x00000000c06b5a80,0x00000000c4300000)
 Metaspace       used 26850K, committed 27328K, reserved 1114112K
  class space    used 2603K, committed 2816K, reserved 1048576K
}
Event: 7.920 GC heap after
{Heap after GC invocations=7 (full 1):
 PSYoungGen      total 27136K, used 2556K [0x00000000eab00000, 0x00000000ec900000, 0x0000000100000000)
  eden space 24576K, 0% used [0x00000000eab00000,0x00000000eab00000,0x00000000ec300000)
  from space 2560K, 99% used [0x00000000ec600000,0x00000000ec87f1f0,0x00000000ec880000)
  to   space 3072K, 0% used [0x00000000ec300000,0x00000000ec300000,0x00000000ec600000)
 ParOldGen       total 68608K, used 6886K [0x00000000c0000000, 0x00000000c4300000, 0x00000000eab00000)
  object space 68608K, 10% used [0x00000000c0000000,0x00000000c06b9a80,0x00000000c4300000)
 Metaspace       used 26850K, committed 27328K, reserved 1114112K
  class space    used 2603K, committed 2816K, reserved 1048576K
}
Event: 9.725 GC heap before
{Heap before GC invocations=8 (full 1):
 PSYoungGen      total 27136K, used 27132K [0x00000000eab00000, 0x00000000ec900000, 0x0000000100000000)
  eden space 24576K, 100% used [0x00000000eab00000,0x00000000ec300000,0x00000000ec300000)
  from space 2560K, 99% used [0x00000000ec600000,0x00000000ec87f1f0,0x00000000ec880000)
  to   space 3072K, 0% used [0x00000000ec300000,0x00000000ec300000,0x00000000ec600000)
 ParOldGen       total 68608K, used 6886K [0x00000000c0000000, 0x00000000c4300000, 0x00000000eab00000)
  object space 68608K, 10% used [0x00000000c0000000,0x00000000c06b9a80,0x00000000c4300000)
 Metaspace       used 30383K, committed 30912K, reserved 1114112K
  class space    used 2961K, committed 3136K, reserved 1048576K
}
Event: 9.729 GC heap after
{Heap after GC invocations=8 (full 1):
 PSYoungGen      total 27136K, used 3043K [0x00000000eab00000, 0x00000000ecb80000, 0x0000000100000000)
  eden space 24064K, 0% used [0x00000000eab00000,0x00000000eab00000,0x00000000ec280000)
  from space 3072K, 99% used [0x00000000ec300000,0x00000000ec5f8cb0,0x00000000ec600000)
  to   space 4608K, 0% used [0x00000000ec700000,0x00000000ec700000,0x00000000ecb80000)
 ParOldGen       total 68608K, used 8051K [0x00000000c0000000, 0x00000000c4300000, 0x00000000eab00000)
  object space 68608K, 11% used [0x00000000c0000000,0x00000000c07dcfb0,0x00000000c4300000)
 Metaspace       used 30383K, committed 30912K, reserved 1114112K
  class space    used 2961K, committed 3136K, reserved 1048576K
}
Event: 12.405 GC heap before
{Heap before GC invocations=9 (full 1):
 PSYoungGen      total 27136K, used 27107K [0x00000000eab00000, 0x00000000ecb80000, 0x0000000100000000)
  eden space 24064K, 100% used [0x00000000eab00000,0x00000000ec280000,0x00000000ec280000)
  from space 3072K, 99% used [0x00000000ec300000,0x00000000ec5f8cb0,0x00000000ec600000)
  to   space 4608K, 0% used [0x00000000ec700000,0x00000000ec700000,0x00000000ecb80000)
 ParOldGen       total 68608K, used 8051K [0x00000000c0000000, 0x00000000c4300000, 0x00000000eab00000)
  object space 68608K, 11% used [0x00000000c0000000,0x00000000c07dcfb0,0x00000000c4300000)
 Metaspace       used 34161K, committed 34816K, reserved 1114112K
  class space    used 3430K, committed 3712K, reserved 1048576K
}
Event: 12.409 GC heap after
{Heap after GC invocations=9 (full 1):
 PSYoungGen      total 28160K, used 4287K [0x00000000eab00000, 0x00000000ecb80000, 0x0000000100000000)
  eden space 23552K, 0% used [0x00000000eab00000,0x00000000eab00000,0x00000000ec200000)
  from space 4608K, 93% used [0x00000000ec700000,0x00000000ecb2fd28,0x00000000ecb80000)
  to   space 4608K, 0% used [0x00000000ec280000,0x00000000ec280000,0x00000000ec700000)
 ParOldGen       total 68608K, used 8059K [0x00000000c0000000, 0x00000000c4300000, 0x00000000eab00000)
  object space 68608K, 11% used [0x00000000c0000000,0x00000000c07defb0,0x00000000c4300000)
 Metaspace       used 34161K, committed 34816K, reserved 1114112K
  class space    used 3430K, committed 3712K, reserved 1048576K
}
Event: 12.944 GC heap before
{Heap before GC invocations=10 (full 1):
 PSYoungGen      total 28160K, used 11830K [0x00000000eab00000, 0x00000000ecb80000, 0x0000000100000000)
  eden space 23552K, 32% used [0x00000000eab00000,0x00000000eb25db98,0x00000000ec200000)
  from space 4608K, 93% used [0x00000000ec700000,0x00000000ecb2fd28,0x00000000ecb80000)
  to   space 4608K, 0% used [0x00000000ec280000,0x00000000ec280000,0x00000000ec700000)
 ParOldGen       total 68608K, used 8059K [0x00000000c0000000, 0x00000000c4300000, 0x00000000eab00000)
  object space 68608K, 11% used [0x00000000c0000000,0x00000000c07defb0,0x00000000c4300000)
 Metaspace       used 35256K, committed 35840K, reserved 1114112K
  class space    used 3553K, committed 3840K, reserved 1048576K
}
Event: 12.948 GC heap after
{Heap after GC invocations=10 (full 1):
 PSYoungGen      total 27136K, used 3421K [0x00000000eab00000, 0x00000000eca00000, 0x0000000100000000)
  eden space 23552K, 0% used [0x00000000eab00000,0x00000000eab00000,0x00000000ec200000)
  from space 3584K, 95% used [0x00000000ec280000,0x00000000ec5d76f8,0x00000000ec600000)
  to   space 4096K, 0% used [0x00000000ec600000,0x00000000ec600000,0x00000000eca00000)
 ParOldGen       total 68608K, used 9575K [0x00000000c0000000, 0x00000000c4300000, 0x00000000eab00000)
  object space 68608K, 13% used [0x00000000c0000000,0x00000000c0959d90,0x00000000c4300000)
 Metaspace       used 35256K, committed 35840K, reserved 1114112K
  class space    used 3553K, committed 3840K, reserved 1048576K
}
Event: 12.948 GC heap before
{Heap before GC invocations=11 (full 2):
 PSYoungGen      total 27136K, used 3421K [0x00000000eab00000, 0x00000000eca00000, 0x0000000100000000)
  eden space 23552K, 0% used [0x00000000eab00000,0x00000000eab00000,0x00000000ec200000)
  from space 3584K, 95% used [0x00000000ec280000,0x00000000ec5d76f8,0x00000000ec600000)
  to   space 4096K, 0% used [0x00000000ec600000,0x00000000ec600000,0x00000000eca00000)
 ParOldGen       total 68608K, used 9575K [0x00000000c0000000, 0x00000000c4300000, 0x00000000eab00000)
  object space 68608K, 13% used [0x00000000c0000000,0x00000000c0959d90,0x00000000c4300000)
 Metaspace       used 35256K, committed 35840K, reserved 1114112K
  class space    used 3553K, committed 3840K, reserved 1048576K
}
Event: 12.978 GC heap after
{Heap after GC invocations=11 (full 2):
 PSYoungGen      total 27136K, used 0K [0x00000000eab00000, 0x00000000eca00000, 0x0000000100000000)
  eden space 23552K, 0% used [0x00000000eab00000,0x00000000eab00000,0x00000000ec200000)
  from space 3584K, 0% used [0x00000000ec280000,0x00000000ec280000,0x00000000ec600000)
  to   space 4096K, 0% used [0x00000000ec600000,0x00000000ec600000,0x00000000eca00000)
 ParOldGen       total 68608K, used 12657K [0x00000000c0000000, 0x00000000c4300000, 0x00000000eab00000)
  object space 68608K, 18% used [0x00000000c0000000,0x00000000c0c5c478,0x00000000c4300000)
 Metaspace       used 35256K, committed 35840K, reserved 1114112K
  class space    used 3553K, committed 3840K, reserved 1048576K
}

Dll operation events (12 events):
Event: 0.048 Loaded shared library c:\Users\089ku\.vscode\extensions\redhat.java-1.32.0-win32-x64\jre\17.0.11-win32-x86_64\bin\java.dll
Event: 0.620 Loaded shared library c:\Users\089ku\.vscode\extensions\redhat.java-1.32.0-win32-x64\jre\17.0.11-win32-x86_64\bin\zip.dll
Event: 0.628 Loaded shared library C:\Users\089ku\.vscode\extensions\redhat.java-1.32.0-win32-x64\jre\17.0.11-win32-x86_64\bin\instrument.dll
Event: 0.681 Loaded shared library C:\Users\089ku\.vscode\extensions\redhat.java-1.32.0-win32-x64\jre\17.0.11-win32-x86_64\bin\net.dll
Event: 0.687 Loaded shared library C:\Users\089ku\.vscode\extensions\redhat.java-1.32.0-win32-x64\jre\17.0.11-win32-x86_64\bin\nio.dll
Event: 0.709 Loaded shared library C:\Users\089ku\.vscode\extensions\redhat.java-1.32.0-win32-x64\jre\17.0.11-win32-x86_64\bin\zip.dll
Event: 0.762 Loaded shared library C:\Users\089ku\.vscode\extensions\redhat.java-1.32.0-win32-x64\jre\17.0.11-win32-x86_64\bin\jimage.dll
Event: 0.913 Loaded shared library c:\Users\089ku\.vscode\extensions\redhat.java-1.32.0-win32-x64\jre\17.0.11-win32-x86_64\bin\verify.dll
Event: 3.494 Loaded shared library C:\Users\089ku\AppData\Roaming\Code\User\globalStorage\redhat.java\1.32.0\config_ss_win\org.eclipse.equinox.launcher\org.eclipse.equinox.launcher.win32.win32.x86_64_1.2.1100.v20240613-2013\eclipse_11903.dll
Event: 5.678 Loaded shared library C:\Users\089ku\.vscode\extensions\redhat.java-1.32.0-win32-x64\jre\17.0.11-win32-x86_64\bin\management.dll
Event: 5.688 Loaded shared library C:\Users\089ku\.vscode\extensions\redhat.java-1.32.0-win32-x64\jre\17.0.11-win32-x86_64\bin\management_ext.dll
Event: 10.732 Loaded shared library C:\Users\089ku\AppData\Local\Temp\jna-46055515\jna11548572064759829849.dll

Deoptimization events (20 events):
Event: 12.988 Thread 0x000001abb06eb210 Uncommon trap: trap_request=0xffffffbe fr.pc=0x000001ab9f8318c0 relative=0x0000000000000b40
Event: 12.988 Thread 0x000001abb06eb210 Uncommon trap: reason=profile_predicate action=maybe_recompile pc=0x000001ab9f8318c0 method=java.util.TreeMap.put(Ljava/lang/Object;Ljava/lang/Object;Z)Ljava/lang/Object; @ 27 c2
Event: 12.988 Thread 0x000001abb06eb210 DEOPT PACKING pc=0x000001ab9f8318c0 sp=0x000000a31f7fd730
Event: 12.988 Thread 0x000001abb06eb210 DEOPT UNPACKING pc=0x000001ab9f1b66a3 sp=0x000000a31f7fd6d0 mode 2
Event: 12.989 Thread 0x000001abb06eb210 Uncommon trap: trap_request=0xffffffbe fr.pc=0x000001ab9f8318c0 relative=0x0000000000000b40
Event: 12.989 Thread 0x000001abb06eb210 Uncommon trap: reason=profile_predicate action=maybe_recompile pc=0x000001ab9f8318c0 method=java.util.TreeMap.put(Ljava/lang/Object;Ljava/lang/Object;Z)Ljava/lang/Object; @ 27 c2
Event: 12.989 Thread 0x000001abb06eb210 DEOPT PACKING pc=0x000001ab9f8318c0 sp=0x000000a31f7fd730
Event: 12.989 Thread 0x000001abb06eb210 DEOPT UNPACKING pc=0x000001ab9f1b66a3 sp=0x000000a31f7fd6d0 mode 2
Event: 12.989 Thread 0x000001abb06eb210 Uncommon trap: trap_request=0xffffffbe fr.pc=0x000001ab9f8318c0 relative=0x0000000000000b40
Event: 12.989 Thread 0x000001abb06eb210 Uncommon trap: reason=profile_predicate action=maybe_recompile pc=0x000001ab9f8318c0 method=java.util.TreeMap.put(Ljava/lang/Object;Ljava/lang/Object;Z)Ljava/lang/Object; @ 27 c2
Event: 12.989 Thread 0x000001abb06eb210 DEOPT PACKING pc=0x000001ab9f8318c0 sp=0x000000a31f7fd730
Event: 12.989 Thread 0x000001abb06eb210 DEOPT UNPACKING pc=0x000001ab9f1b66a3 sp=0x000000a31f7fd6d0 mode 2
Event: 12.989 Thread 0x000001abb06eb210 Uncommon trap: trap_request=0xffffffbe fr.pc=0x000001ab9f8318c0 relative=0x0000000000000b40
Event: 12.989 Thread 0x000001abb06eb210 Uncommon trap: reason=profile_predicate action=maybe_recompile pc=0x000001ab9f8318c0 method=java.util.TreeMap.put(Ljava/lang/Object;Ljava/lang/Object;Z)Ljava/lang/Object; @ 27 c2
Event: 12.989 Thread 0x000001abb06eb210 DEOPT PACKING pc=0x000001ab9f8318c0 sp=0x000000a31f7fd730
Event: 12.989 Thread 0x000001abb06eb210 DEOPT UNPACKING pc=0x000001ab9f1b66a3 sp=0x000000a31f7fd6d0 mode 2
Event: 13.109 Thread 0x000001abb06eb210 Uncommon trap: trap_request=0xffffffcc fr.pc=0x000001ab9f839034 relative=0x0000000000000314
Event: 13.109 Thread 0x000001abb06eb210 Uncommon trap: reason=intrinsic_or_type_checked_inlining action=make_not_entrant pc=0x000001ab9f839034 method=java.util.Arrays.copyOf([Ljava/lang/Object;ILjava/lang/Class;)[Ljava/lang/Object; @ 35 c2
Event: 13.109 Thread 0x000001abb06eb210 DEOPT PACKING pc=0x000001ab9f839034 sp=0x000000a31f7fdd70
Event: 13.109 Thread 0x000001abb06eb210 DEOPT UNPACKING pc=0x000001ab9f1b66a3 sp=0x000000a31f7fdd00 mode 2

Classes unloaded (7 events):
Event: 6.331 Thread 0x000001abadf414b0 Unloading class 0x000000010021a400 'java/lang/invoke/LambdaForm$MH+0x000000010021a400'
Event: 6.331 Thread 0x000001abadf414b0 Unloading class 0x000000010021a000 'java/lang/invoke/LambdaForm$MH+0x000000010021a000'
Event: 6.331 Thread 0x000001abadf414b0 Unloading class 0x0000000100219c00 'java/lang/invoke/LambdaForm$MH+0x0000000100219c00'
Event: 6.332 Thread 0x000001abadf414b0 Unloading class 0x0000000100219800 'java/lang/invoke/LambdaForm$MH+0x0000000100219800'
Event: 6.332 Thread 0x000001abadf414b0 Unloading class 0x0000000100219400 'java/lang/invoke/LambdaForm$BMH+0x0000000100219400'
Event: 6.332 Thread 0x000001abadf414b0 Unloading class 0x0000000100219000 'java/lang/invoke/LambdaForm$DMH+0x0000000100219000'
Event: 6.332 Thread 0x000001abadf414b0 Unloading class 0x0000000100210400 'java/lang/invoke/LambdaForm$DMH+0x0000000100210400'

Classes redefined (0 events):
No events

Internal exceptions (20 events):
Event: 13.133 Thread 0x000001abb06eb210 Exception <a 'sun/nio/fs/WindowsException'{0x00000000eac4f550}> (0x00000000eac4f550) 
thrown [s\src\hotspot\share\prims\jni.cpp, line 516]
Event: 13.141 Thread 0x000001abb06eb210 Exception <a 'sun/nio/fs/WindowsException'{0x00000000eac701e8}> (0x00000000eac701e8) 
thrown [s\src\hotspot\share\prims\jni.cpp, line 516]
Event: 13.141 Thread 0x000001abb06eb210 Exception <a 'sun/nio/fs/WindowsException'{0x00000000eac70cf0}> (0x00000000eac70cf0) 
thrown [s\src\hotspot\share\prims\jni.cpp, line 516]
Event: 13.143 Thread 0x000001abb06eb210 Exception <a 'sun/nio/fs/WindowsException'{0x00000000eac816d0}> (0x00000000eac816d0) 
thrown [s\src\hotspot\share\prims\jni.cpp, line 516]
Event: 13.144 Thread 0x000001abb06eb210 Exception <a 'sun/nio/fs/WindowsException'{0x00000000eac821d8}> (0x00000000eac821d8) 
thrown [s\src\hotspot\share\prims\jni.cpp, line 516]
Event: 13.145 Thread 0x000001abb06eb210 Exception <a 'sun/nio/fs/WindowsException'{0x00000000eac83340}> (0x00000000eac83340) 
thrown [s\src\hotspot\share\prims\jni.cpp, line 516]
Event: 13.145 Thread 0x000001abb06eb210 Exception <a 'sun/nio/fs/WindowsException'{0x00000000eac83c20}> (0x00000000eac83c20) 
thrown [s\src\hotspot\share\prims\jni.cpp, line 516]
Event: 13.146 Thread 0x000001abb06eb210 Exception <a 'sun/nio/fs/WindowsException'{0x00000000eac85940}> (0x00000000eac85940) 
thrown [s\src\hotspot\share\prims\jni.cpp, line 516]
Event: 13.147 Thread 0x000001abb06eb210 Exception <a 'sun/nio/fs/WindowsException'{0x00000000eac8aa78}> (0x00000000eac8aa78) 
thrown [s\src\hotspot\share\prims\jni.cpp, line 516]
Event: 13.147 Thread 0x000001abb06eb210 Exception <a 'sun/nio/fs/WindowsException'{0x00000000eac8f388}> (0x00000000eac8f388) 
thrown [s\src\hotspot\share\prims\jni.cpp, line 516]
Event: 13.157 Thread 0x000001abafd57f60 Exception <a 'sun/nio/fs/WindowsException'{0x00000000eaccf9b0}> (0x00000000eaccf9b0) 
thrown [s\src\hotspot\share\prims\jni.cpp, line 516]
Event: 13.189 Thread 0x000001abb06eb210 Exception <a 'sun/nio/fs/WindowsException'{0x00000000ead28c28}> (0x00000000ead28c28) 
thrown [s\src\hotspot\share\prims\jni.cpp, line 516]
Event: 13.189 Thread 0x000001abb06eb210 Exception <a 'sun/nio/fs/WindowsException'{0x00000000ead29730}> (0x00000000ead29730) 
thrown [s\src\hotspot\share\prims\jni.cpp, line 516]
Event: 13.189 Thread 0x000001abb06eb210 Exception <a 'sun/nio/fs/WindowsException'{0x00000000ead2a5f0}> (0x00000000ead2a5f0) 
thrown [s\src\hotspot\share\prims\jni.cpp, line 516]
Event: 13.189 Thread 0x000001abb06eb210 Exception <a 'sun/nio/fs/WindowsException'{0x00000000ead2b168}> (0x00000000ead2b168) 
thrown [s\src\hotspot\share\prims\jni.cpp, line 516]
Event: 13.193 Thread 0x000001abb06eb210 Exception <a 'sun/nio/fs/WindowsException'{0x00000000ead3c968}> (0x00000000ead3c968) 
thrown [s\src\hotspot\share\prims\jni.cpp, line 516]
Event: 13.260 Thread 0x000001abb06eb210 Exception <a 'sun/nio/fs/WindowsException'{0x00000000ead3e9b0}> (0x00000000ead3e9b0) 
thrown [s\src\hotspot\share\prims\jni.cpp, line 516]
Event: 13.260 Thread 0x000001abb06eb210 Exception <a 'sun/nio/fs/WindowsException'{0x00000000ead499a0}> (0x00000000ead499a0) 
thrown [s\src\hotspot\share\prims\jni.cpp, line 516]
Event: 13.264 Thread 0x000001abafd57f60 Exception <a 'sun/nio/fs/WindowsException'{0x00000000eacdeeb0}> (0x00000000eacdeeb0) 
thrown [s\src\hotspot\share\prims\jni.cpp, line 516]
Event: 13.332 Thread 0x000001abafd57f60 Exception <a 'sun/nio/fs/WindowsException'{0x00000000eae6a4a0}> (0x00000000eae6a4a0) 
thrown [s\src\hotspot\share\prims\jni.cpp, line 516]

VM Operations (20 events):
Event: 9.613 Executing VM operation: HandshakeAllThreads
Event: 9.613 Executing VM operation: HandshakeAllThreads done
Event: 9.694 Executing VM operation: HandshakeAllThreads
Event: 9.694 Executing VM operation: HandshakeAllThreads done
Event: 9.724 Executing VM operation: ParallelGCFailedAllocation
Event: 9.729 Executing VM operation: ParallelGCFailedAllocation done
Event: 10.729 Executing VM operation: Cleanup
Event: 10.729 Executing VM operation: Cleanup done
Event: 10.782 Executing VM operation: HandshakeAllThreads
Event: 10.782 Executing VM operation: HandshakeAllThreads done
Event: 11.784 Executing VM operation: Cleanup
Event: 11.787 Executing VM operation: Cleanup done
Event: 12.405 Executing VM operation: ParallelGCFailedAllocation
Event: 12.409 Executing VM operation: ParallelGCFailedAllocation done
Event: 12.468 Executing VM operation: HandshakeAllThreads
Event: 12.468 Executing VM operation: HandshakeAllThreads done
Event: 12.876 Executing VM operation: HandshakeAllThreads
Event: 12.876 Executing VM operation: HandshakeAllThreads done
Event: 12.944 Executing VM operation: CollectForMetadataAllocation
Event: 12.979 Executing VM operation: CollectForMetadataAllocation done

Events (20 events):
Event: 12.866 loading class java/nio/channels/spi/AbstractInterruptibleChannel$1 done
Event: 12.873 loading class java/util/stream/Streams$1
Event: 12.874 loading class java/util/stream/Streams$1 done
Event: 12.874 loading class java/nio/file/FileChannelLinesSpliterator$1
Event: 12.875 loading class java/nio/file/FileChannelLinesSpliterator$1 done
Event: 12.897 loading class sun/net/www/protocol/https/Handler
Event: 12.901 loading class sun/net/www/protocol/http/Handler
Event: 12.902 loading class sun/net/www/protocol/http/Handler done
Event: 12.902 loading class sun/net/www/protocol/https/Handler done
Event: 12.987 Thread 0x000001abb06ea7f0 Thread added: 0x000001abb06ea7f0
Event: 13.293 loading class java/util/concurrent/CompletableFuture$AltResult
Event: 13.293 loading class java/util/concurrent/CompletableFuture$AltResult done
Event: 13.293 loading class java/util/concurrent/CompletableFuture$Completion
Event: 13.307 loading class sun/nio/ch/WindowsAsynchronousFileChannelImpl$WriteTask
Event: 13.307 loading class sun/nio/ch/WindowsAsynchronousFileChannelImpl$WriteTask done
Event: 13.310 loading class java/util/concurrent/CompletableFuture$AsynchronousCompletionTask
Event: 13.310 loading class java/util/concurrent/CompletableFuture$AsynchronousCompletionTask done
Event: 13.310 loading class java/util/concurrent/ForkJoinTask
Event: 13.334 loading class java/util/concurrent/ForkJoinTask done
Event: 13.334 loading class java/util/concurrent/CompletableFuture$Completion done


Dynamic libraries:
0x00007ff6b6e70000 - 0x00007ff6b6e7e000 	c:\Users\089ku\.vscode\extensions\redhat.java-1.32.0-win32-x64\jre\17.0.11-win32-x86_64\bin\java.exe
0x00007ffe218d0000 - 0x00007ffe21ae7000 	C:\WINDOWS\SYSTEM32\ntdll.dll
0x00007ffe211d0000 - 0x00007ffe21294000 	C:\WINDOWS\System32\KERNEL32.DLL
0x00007ffe1eca0000 - 0x00007ffe1f04d000 	C:\WINDOWS\System32\KERNELBASE.dll
0x00007ffe1f210000 - 0x00007ffe1f321000 	C:\WINDOWS\System32\ucrtbase.dll
0x00007ffe175e0000 - 0x00007ffe175f7000 	c:\Users\089ku\.vscode\extensions\redhat.java-1.32.0-win32-x64\jre\17.0.11-win32-x86_64\bin\jli.dll
0x00007ffe21350000 - 0x00007ffe214fe000 	C:\WINDOWS\System32\USER32.dll
0x00007ffe1f330000 - 0x00007ffe1f356000 	C:\WINDOWS\System32\win32u.dll
0x00007ffe21020000 - 0x00007ffe21049000 	C:\WINDOWS\System32\GDI32.dll
0x00007ffe1f0f0000 - 0x00007ffe1f209000 	C:\WINDOWS\System32\gdi32full.dll
0x00007ffe1f050000 - 0x00007ffe1f0ea000 	C:\WINDOWS\System32\msvcp_win.dll
0x00007ffe17660000 - 0x00007ffe1767b000 	c:\Users\089ku\.vscode\extensions\redhat.java-1.32.0-win32-x64\jre\17.0.11-win32-x86_64\bin\VCRUNTIME140.dll
0x00007ffe0e200000 - 0x00007ffe0e493000 	C:\WINDOWS\WinSxS\amd64_microsoft.windows.common-controls_6595b64144ccf1df_6.0.22621.3672_none_2713b9d173822955\COMCTL32.dll
0x00007ffe20640000 - 0x00007ffe206e7000 	C:\WINDOWS\System32\msvcrt.dll
0x00007ffe21130000 - 0x00007ffe21161000 	C:\WINDOWS\System32\IMM32.DLL
0x00007ffe16e10000 - 0x00007ffe16e1c000 	c:\Users\089ku\.vscode\extensions\redhat.java-1.32.0-win32-x64\jre\17.0.11-win32-x86_64\bin\vcruntime140_1.dll
0x00007ffe097d0000 - 0x00007ffe0985d000 	c:\Users\089ku\.vscode\extensions\redhat.java-1.32.0-win32-x64\jre\17.0.11-win32-x86_64\bin\msvcp140.dll
0x00007ffd7f3e0000 - 0x00007ffd80042000 	c:\Users\089ku\.vscode\extensions\redhat.java-1.32.0-win32-x64\jre\17.0.11-win32-x86_64\bin\server\jvm.dll
0x00007ffe20f40000 - 0x00007ffe20ff2000 	C:\WINDOWS\System32\ADVAPI32.dll
0x00007ffe20e70000 - 0x00007ffe20f19000 	C:\WINDOWS\System32\sechost.dll
0x00007ffe1ec70000 - 0x00007ffe1ec98000 	C:\WINDOWS\System32\bcrypt.dll
0x00007ffe1f610000 - 0x00007ffe1f724000 	C:\WINDOWS\System32\RPCRT4.dll
0x00007ffe1eac0000 - 0x00007ffe1eb0d000 	C:\WINDOWS\SYSTEM32\POWRPROF.dll
0x00007ffe19c20000 - 0x00007ffe19c54000 	C:\WINDOWS\SYSTEM32\WINMM.dll
0x00007ffe14460000 - 0x00007ffe1446a000 	C:\WINDOWS\SYSTEM32\VERSION.dll
0x00007ffdff460000 - 0x00007ffdff469000 	C:\WINDOWS\SYSTEM32\WSOCK32.dll
0x00007ffe20510000 - 0x00007ffe20581000 	C:\WINDOWS\System32\WS2_32.dll
0x00007ffe1eaa0000 - 0x00007ffe1eab3000 	C:\WINDOWS\SYSTEM32\UMPDC.dll
0x00007ffe1dc00000 - 0x00007ffe1dc18000 	C:\WINDOWS\SYSTEM32\kernel.appcore.dll
0x00007ffe0dc10000 - 0x00007ffe0dc1a000 	c:\Users\089ku\.vscode\extensions\redhat.java-1.32.0-win32-x64\jre\17.0.11-win32-x86_64\bin\jimage.dll
0x00007ffe0caf0000 - 0x00007ffe0cd22000 	C:\WINDOWS\SYSTEM32\DBGHELP.DLL
0x00007ffe21500000 - 0x00007ffe21888000 	C:\WINDOWS\System32\combase.dll
0x00007ffe21050000 - 0x00007ffe21127000 	C:\WINDOWS\System32\OLEAUT32.dll
0x00007ffe09ad0000 - 0x00007ffe09b02000 	C:\WINDOWS\SYSTEM32\dbgcore.DLL
0x00007ffe1f360000 - 0x00007ffe1f3db000 	C:\WINDOWS\System32\bcryptPrimitives.dll
0x00007ffe0dc00000 - 0x00007ffe0dc0e000 	c:\Users\089ku\.vscode\extensions\redhat.java-1.32.0-win32-x64\jre\17.0.11-win32-x86_64\bin\instrument.dll
0x00007ffe0baf0000 - 0x00007ffe0bb15000 	c:\Users\089ku\.vscode\extensions\redhat.java-1.32.0-win32-x64\jre\17.0.11-win32-x86_64\bin\java.dll
0x00007ffe0dbe0000 - 0x00007ffe0dbf8000 	c:\Users\089ku\.vscode\extensions\redhat.java-1.32.0-win32-x64\jre\17.0.11-win32-x86_64\bin\zip.dll
0x00007ffe1f790000 - 0x00007ffe1ffef000 	C:\WINDOWS\System32\SHELL32.dll
0x00007ffe1cb00000 - 0x00007ffe1d3fc000 	C:\WINDOWS\SYSTEM32\windows.storage.dll
0x00007ffe1c9c0000 - 0x00007ffe1caff000 	C:\WINDOWS\SYSTEM32\wintypes.dll
0x00007ffe20410000 - 0x00007ffe20504000 	C:\WINDOWS\System32\SHCORE.dll
0x00007ffe212a0000 - 0x00007ffe212fe000 	C:\WINDOWS\System32\shlwapi.dll
0x00007ffe1eb30000 - 0x00007ffe1eb51000 	C:\WINDOWS\SYSTEM32\profapi.dll
0x00007ffe0b970000 - 0x00007ffe0b989000 	C:\Users\089ku\.vscode\extensions\redhat.java-1.32.0-win32-x64\jre\17.0.11-win32-x86_64\bin\net.dll
0x00007ffe199b0000 - 0x00007ffe19ae6000 	C:\WINDOWS\SYSTEM32\WINHTTP.dll
0x00007ffe1e070000 - 0x00007ffe1e0d9000 	C:\WINDOWS\system32\mswsock.dll
0x00007ffe0b950000 - 0x00007ffe0b966000 	C:\Users\089ku\.vscode\extensions\redhat.java-1.32.0-win32-x64\jre\17.0.11-win32-x86_64\bin\nio.dll
0x00007ffe0b9f0000 - 0x00007ffe0ba00000 	c:\Users\089ku\.vscode\extensions\redhat.java-1.32.0-win32-x64\jre\17.0.11-win32-x86_64\bin\verify.dll
0x00007ffdef590000 - 0x00007ffdef5d4000 	C:\Users\089ku\AppData\Roaming\Code\User\globalStorage\redhat.java\1.32.0\config_ss_win\org.eclipse.equinox.launcher\org.eclipse.equinox.launcher.win32.win32.x86_64_1.2.1100.v20240613-2013\eclipse_11903.dll
0x00007ffe200f0000 - 0x00007ffe20295000 	C:\WINDOWS\System32\ole32.dll
0x00007ffe0b940000 - 0x00007ffe0b949000 	C:\Users\089ku\.vscode\extensions\redhat.java-1.32.0-win32-x64\jre\17.0.11-win32-x86_64\bin\management.dll
0x00007ffe0b930000 - 0x00007ffe0b93b000 	C:\Users\089ku\.vscode\extensions\redhat.java-1.32.0-win32-x64\jre\17.0.11-win32-x86_64\bin\management_ext.dll
0x00007ffe21010000 - 0x00007ffe21018000 	C:\WINDOWS\System32\PSAPI.DLL
0x00007ffe1e300000 - 0x00007ffe1e31b000 	C:\WINDOWS\SYSTEM32\CRYPTSP.dll
0x00007ffe1db50000 - 0x00007ffe1db85000 	C:\WINDOWS\system32\rsaenh.dll
0x00007ffe1e180000 - 0x00007ffe1e1a8000 	C:\WINDOWS\SYSTEM32\USERENV.dll
0x00007ffe1e320000 - 0x00007ffe1e32c000 	C:\WINDOWS\SYSTEM32\CRYPTBASE.dll
0x00007ffe1d660000 - 0x00007ffe1d68d000 	C:\WINDOWS\SYSTEM32\IPHLPAPI.DLL
0x00007ffe21000000 - 0x00007ffe21009000 	C:\WINDOWS\System32\NSI.dll
0x00007ffe19be0000 - 0x00007ffe19bf9000 	C:\WINDOWS\SYSTEM32\dhcpcsvc6.DLL
0x00007ffe19860000 - 0x00007ffe1987f000 	C:\WINDOWS\SYSTEM32\dhcpcsvc.DLL
0x00007ffe1d6d0000 - 0x00007ffe1d7c8000 	C:\WINDOWS\SYSTEM32\DNSAPI.dll
0x00007ffdd9870000 - 0x00007ffdd98b5000 	C:\Users\089ku\AppData\Local\Temp\jna-46055515\jna11548572064759829849.dll

dbghelp: loaded successfully - version: 4.0.5 - missing functions: none
symbol engine: initialized successfully - sym options: 0x614 - pdb path: .;c:\Users\089ku\.vscode\extensions\redhat.java-1.32.0-win32-x64\jre\17.0.11-win32-x86_64\bin;C:\WINDOWS\SYSTEM32;C:\WINDOWS\WinSxS\amd64_microsoft.windows.common-controls_6595b64144ccf1df_6.0.22621.3672_none_2713b9d173822955;c:\Users\089ku\.vscode\extensions\redhat.java-1.32.0-win32-x64\jre\17.0.11-win32-x86_64\bin\server;C:\Users\089ku\AppData\Roaming\Code\User\globalStorage\redhat.java\1.32.0\config_ss_win\org.eclipse.equinox.launcher\org.eclipse.equinox.launcher.win32.win32.x86_64_1.2.1100.v20240613-2013;C:\Users\089ku\AppData\Local\Temp\jna-46055515

VM Arguments:
jvm_args: --add-modules=ALL-SYSTEM --add-opens=java.base/java.util=ALL-UNNAMED --add-opens=java.base/java.lang=ALL-UNNAMED --add-opens=java.base/sun.nio.fs=ALL-UNNAMED -Declipse.application=org.eclipse.jdt.ls.core.id1 -Dosgi.bundles.defaultStartLevel=4 -Declipse.product=org.eclipse.jdt.ls.core.product -Djava.import.generatesMetadataFilesAtProjectRoot=false -DDetectVMInstallationsJob.disabled=true -Dfile.encoding=utf8 -XX:+UseParallelGC -XX:GCTimeRatio=4 -XX:AdaptiveSizePolicyWeight=90 -Dsun.zip.disableMemoryMapping=true -Xmx1G -Xms100m -Xlog:disable -javaagent:c:\Users\089ku\.vscode\extensions\redhat.java-1.32.0-win32-x64\lombok\lombok-1.18.33.jar 
java_command: c:\Users\089ku\.vscode\extensions\redhat.java-1.32.0-win32-x64\server\plugins\org.eclipse.equinox.launcher_1.6.900.v20240613-2009.jar -configuration c:\Users\089ku\AppData\Roaming\Code\User\globalStorage\redhat.java\1.32.0\config_ss_win -data c:\Users\089ku\AppData\Roaming\Code\User\workspaceStorage\b6702a2ac9dc87ee2e7634e9c81bda41\redhat.java\ss_ws --pipe=\\.\pipe\lsp-84cef6284af9bdc765fee166c3552384-sock
java_class_path (initial): c:\Users\089ku\.vscode\extensions\redhat.java-1.32.0-win32-x64\server\plugins\org.eclipse.equinox.launcher_1.6.900.v20240613-2009.jar
Launcher Type: SUN_STANDARD

[Global flags]
    uintx AdaptiveSizePolicyWeight                 = 90                                        {product} {command line}
     intx CICompilerCount                          = 4                                         {product} {ergonomic}
    uintx GCTimeRatio                              = 4                                         {product} {command line}
   size_t InitialHeapSize                          = 104857600                                 {product} {command line}
   size_t MaxHeapSize                              = 1073741824                                {product} {command line}
   size_t MaxNewSize                               = 357564416                                 {product} {ergonomic}
   size_t MinHeapDeltaBytes                        = 524288                                    {product} {ergonomic}
   size_t MinHeapSize                              = 104857600                                 {product} {command line}
   size_t NewSize                                  = 34603008                                  {product} {ergonomic}
    uintx NonNMethodCodeHeapSize                   = 5839372                                {pd product} {ergonomic}
    uintx NonProfiledCodeHeapSize                  = 122909434                              {pd product} {ergonomic}
   size_t OldSize                                  = 70254592                                  {product} {ergonomic}
    uintx ProfiledCodeHeapSize                     = 122909434                              {pd product} {ergonomic}
    uintx ReservedCodeCacheSize                    = 251658240                              {pd product} {ergonomic}
     bool SegmentedCodeCache                       = true                                      {product} {ergonomic}
   size_t SoftMaxHeapSize                          = 1073741824                             {manageable} {ergonomic}
     bool UseCompressedClassPointers               = true                           {product lp64_product} {ergonomic}
     bool UseCompressedOops                        = true                           {product lp64_product} {ergonomic}
     bool UseLargePagesIndividualAllocation        = false                                  {pd product} {ergonomic}
     bool UseParallelGC                            = true                                      {product} {command line}

Logging:
Log output configuration:
 #0: stdout all=off uptime,level,tags
 #1: stderr all=off uptime,level,tags

Environment Variables:
JAVA_HOME=C:\Program Files\Java\jdk-21
CLASSPATH=I:\oracle_app_jar_file\ojdbc8-21.8.0.0.jar;.;I:\tomcat_10\apache-tomcat-10.0.27\lib\servlet-api.jar;
PATH=C:\Python312\Scripts\;C:\Python312\;H:\oracle19_c_app\bin;C:\Python311\Scripts\;C:\Python311\;C:\Python310\Scripts\;C:\Python310\;C:\Program Files\Common Files\Oracle\Java\javapath;C:\WINDOWS\system32;C:\WINDOWS;C:\WINDOWS\System32\Wbem;C:\WINDOWS\System32\WindowsPowerShell\v1.0\;C:\WINDOWS\System32\OpenSSH\;C:\Program Files\Git\cmd;C:\ProgramData\chocolatey\bin;C:\Program Files\apache-maven-3.8.6\bin;C:\Program Files\Java\jdk-18\bin;I:\oracle_app_jar_file\ojdbc8-21.8.0.0.jar;C:\Program Files\Docker\Docker\resources\bin;C:\Program Files\dotnet\;C:\Program Files\Microsoft SQL Server\150\Tools\Binn\;C:\Program Files\Microsoft SQL Server\Client SDK\ODBC\170\Tools\Binn\;C:\Program Files\nodejs\;C:\FlutterDev\sdk\flutter\bin;C:\Program Files\Java\jdk-21\bin;C:\Users\089ku\.console-ninja\.bin;C:\Ruby31-x64\bin;C:\Users\089ku\AppData\Local\Microsoft\WindowsApps;C:\Users\089ku\AppData\Local\Programs\Microsoft VS Code\bin;I:\oracle_app_jar_file;C:\Program Files\JetBrains\WebStorm 2023.1\bin;C:\Program Files\JetBrains\PhpStorm 2023.1\bin;C:\Program Files\JetBrains\IntelliJ IDEA 2023.1\bin;C:\Users\089ku\.dotnet\tools;C:\Users\089ku\AppData\Roaming\npm;C:\Users\089ku\.bun\bin;C:\FlutterDev\sdk\flutter\bin;C:\Program Files\Java\jdk-21\bin;C:\Users\089ku\AppData\Local\GitHubDesktop\bin
USERNAME=089ku
OS=Windows_NT
PROCESSOR_IDENTIFIER=AMD64 Family 23 Model 24 Stepping 1, AuthenticAMD
TMP=C:\Users\089ku\AppData\Local\Temp
TEMP=C:\Users\089ku\AppData\Local\Temp



Periodic native trim disabled


---------------  S Y S T E M  ---------------

OS:
 Windows 11 , 64 bit Build 22621 (10.0.22621.3672)
OS uptime: 0 days 6:01 hours
Hyper-V role detected

CPU: total 8 (initial active 8) (8 cores per cpu, 2 threads per core) family 23 model 24 stepping 1 microcode 0x0, cx8, cmov, fxsr, ht, mmx, 3dnowpref, sse, sse2, sse3, ssse3, sse4a, sse4.1, sse4.2, popcnt, lzcnt, tsc, tscinvbit, avx, avx2, aes, clmul, bmi1, bmi2, adx, sha, fma, vzeroupper, clflush, clflushopt, hv
Processor Information for all 8 processors :
  Max Mhz: 2100, Current Mhz: 2100, Mhz Limit: 2100

Memory: 4k page, system-wide physical 7874M (122M free)
TotalPageFile size 32450M (AvailPageFile size 1M)
current process WorkingSet (physical memory assigned to process): 141M, peak: 147M
current process commit charge ("private bytes"): 240M, peak: 255M

vm_info: OpenJDK 64-Bit Server VM (17.0.11+9) for windows-amd64 JRE (17.0.11+9), built on Apr 17 2024 06:07:48 by "admin" with MS VC++ 16.10 / 16.11 (VS2019)

END.
